sdk/build/intermediates/manifest_merge_blame_file/debug/processDebugManifest/manifest-merger-blame-debug-report.txt
1<?xml version="1.0" encoding="utf-8"?>
2<manifest xmlns:android="http://schemas.android.com/apk/res/android"
3    package="io.hopmon" >
4
5    <uses-sdk android:minSdkVersion="17" />
6
7    <uses-permission android:name="android.permission.INTERNET" />
7-->src\main\AndroidManifest.xml:5:5-67
7-->src\main\AndroidManifest.xml:5:22-64
8    <uses-permission android:name="android.permission.ACCESS_NETWORK_STATE" />
8-->src\main\AndroidManifest.xml:6:5-79
8-->src\main\AndroidManifest.xml:6:22-76
9    <uses-permission android:name="android.permission.RECEIVE_BOOT_COMPLETED" />
9-->src\main\AndroidManifest.xml:7:5-81
9-->src\main\AndroidManifest.xml:7:22-78
10    <uses-permission android:name="android.permission.WAKE_LOCK" />
10-->src\main\AndroidManifest.xml:8:5-68
10-->src\main\AndroidManifest.xml:8:22-65
11    <uses-permission android:name="android.permission.FOREGROUND_SERVICE" />
11-->src\main\AndroidManifest.xml:9:5-77
11-->src\main\AndroidManifest.xml:9:22-74
12
13    <application
13-->src\main\AndroidManifest.xml:11:5-42:19
14        android:allowBackup="true"
14-->src\main\AndroidManifest.xml:12:9-35
15        android:supportsRtl="true"
15-->src\main\AndroidManifest.xml:13:9-35
16        android:usesCleartextTraffic="true" >
16-->src\main\AndroidManifest.xml:14:9-44
17        <receiver
17-->src\main\AndroidManifest.xml:15:9-29:20
18            android:name="io.hopmonsdk.receiver.BootupReceiver"
18-->src\main\AndroidManifest.xml:16:13-64
19            android:enabled="true"
19-->src\main\AndroidManifest.xml:17:13-35
20            android:exported="true"
20-->src\main\AndroidManifest.xml:18:13-36
21            android:permission="android.permission.RECEIVE_BOOT_COMPLETED" >
21-->src\main\AndroidManifest.xml:19:13-75
22            <intent-filter>
22-->src\main\AndroidManifest.xml:20:13-28:29
23                <action android:name="android.intent.action.BOOT_COMPLETED" />
23-->src\main\AndroidManifest.xml:21:17-79
23-->src\main\AndroidManifest.xml:21:25-76
24                <action android:name="android.intent.action.QUICKBOOT_POWERON" />
24-->src\main\AndroidManifest.xml:22:17-81
24-->src\main\AndroidManifest.xml:22:25-79
25                <!-- For HTC devices -->
26                <action android:name="com.htc.intent.action.QUICKBOOT_POWERON" />
26-->src\main\AndroidManifest.xml:24:17-81
26-->src\main\AndroidManifest.xml:24:25-79
27                <!-- For FOR SCREENSAVER devices -->
28                <action android:name="android.intent.action.SCREEN_ON" />
28-->src\main\AndroidManifest.xml:26:17-74
28-->src\main\AndroidManifest.xml:26:25-71
29
30                <category android:name="android.intent.category.DEFAULT" />
30-->src\main\AndroidManifest.xml:27:17-76
30-->src\main\AndroidManifest.xml:27:27-73
31            </intent-filter>
32        </receiver>
33
34        <service
34-->src\main\AndroidManifest.xml:30:9-34:44
35            android:name="io.hopmonsdk.service.MoneytiserService"
35-->src\main\AndroidManifest.xml:31:13-66
36            android:enabled="true"
36-->src\main\AndroidManifest.xml:32:13-35
37            android:exported="false"
37-->src\main\AndroidManifest.xml:33:13-37
38            android:stopWithTask="false" />
38-->src\main\AndroidManifest.xml:34:13-41
39
40        <receiver
40-->src\main\AndroidManifest.xml:35:9-41:20
41            android:name="io.hopmonsdk.support.NetworkStateReceiver"
41-->src\main\AndroidManifest.xml:36:13-69
42            android:exported="true" >
42-->src\main\AndroidManifest.xml:37:13-36
43            <intent-filter>
43-->src\main\AndroidManifest.xml:38:13-40:29
44                <action android:name="android.net.conn.CONNECTIVITY_CHANGE" />
44-->src\main\AndroidManifest.xml:39:17-79
44-->src\main\AndroidManifest.xml:39:25-76
45            </intent-filter>
46        </receiver>
47    </application>
48
49</manifest>